2012/10/23 12:13:19 [error] [exception.CException] exception 'CException' with message 'CAssetManager.basePath "C:\wamp\www\game\assets" is invalid. Please make sure the directory exists and is writable by the Web server process.' in C:\wamp\www\yii\1.1.12\framework\web\CAssetManager.php:128
Stack trace:
#0 C:\wamp\www\yii\1.1.12\framework\web\CAssetManager.php(113): CAssetManager->setBasePath('C:\wamp\www\gam...')
#1 C:\wamp\www\yii\1.1.12\framework\web\CAssetManager.php(235): CAssetManager->getBasePath()
#2 C:\wamp\www\yii\1.1.12\framework\web\CClientScript.php(463): CAssetManager->publish('C:\wamp\www\yii...')
#3 C:\wamp\www\yii\1.1.12\framework\web\CClientScript.php(500): CClientScript->getCoreScriptUrl()
#4 C:\wamp\www\yii\1.1.12\framework\web\CClientScript.php(316): CClientScript->getPackageBaseUrl('jquery')
#5 C:\wamp\www\yii\1.1.12\framework\web\CClientScript.php(209): CClientScript->renderCoreScripts()
#6 C:\wamp\www\yii\1.1.12\framework\web\CController.php(352): CClientScript->render('<!DOCTYPE html ...')
#7 C:\wamp\www\yii\1.1.12\framework\web\CController.php(789): CController->processOutput('<!DOCTYPE html ...')
#8 C:\wamp\www\game\protected\controllers\SiteController.php(72): CController->render('contact', Array)
#9 C:\wamp\www\yii\1.1.12\framework\web\actions\CInlineAction.php(50): SiteController->actionContact()
#10 C:\wamp\www\yii\1.1.12\framework\web\CController.php(309): CInlineAction->runWithParams(Array)
#11 C:\wamp\www\yii\1.1.12\framework\web\CController.php(287): CController->runAction(Object(CInlineAction))
#12 C:\wamp\www\yii\1.1.12\framework\web\CController.php(266): CController->runActionWithFilters(Object(CInlineAction), Array)
#13 C:\wamp\www\yii\1.1.12\framework\web\CWebApplication.php(283): CController->run('contact')
#14 C:\wamp\www\yii\1.1.12\framework\web\CWebApplication.php(142): CWebApplication->runController('site/contact')
#15 C:\wamp\www\yii\1.1.12\framework\base\CApplication.php(162): CWebApplication->processRequest()
#16 C:\wamp\www\game\index.php(13): CApplication->run()
#17 {main}
REQUEST_URI=/game/index.php?r=site/contact
HTTP_REFERER=http://localhost/game/index.php?r=site/page&view=about
---
